
> padel-ranking-app@0.1.0 dev
> next dev --turbopack

 ⚠ Port 3000 is in use by process 29499, using available port 3001 instead.
   ▲ Next.js 15.4.5 (Turbopack)
   - Local:        http://localhost:3001
   - Network:      http://192.168.109.165:3001

 ✓ Starting...
 ✓ Ready in 1071ms
 ○ Compiling / ...
 ✓ Compiled / in 4.1s
 GET / 200 in 4307ms
 ✓ Compiled /favicon.ico in 156ms
 GET /favicon.ico?favicon.45db1c09.ico 200 in 465ms
 GET / 200 in 102ms
 ✓ Compiled in 111ms
 GET / 200 in 243ms
 GET /favicon.ico?favicon.45db1c09.ico 200 in 249ms
 ✓ Compiled in 95ms
 ✓ Compiled in 34ms
 GET / 200 in 192ms
 GET /favicon.ico?favicon.45db1c09.ico 200 in 265ms
 ✓ Compiled in 311ms
 ✓ Compiled in 139ms
 ✓ Compiled in 30ms
 ✓ Compiled in 44ms
 ✓ Compiled in 71ms
 ✓ Compiled in 49ms
 ✓ Compiled in 28ms
 ✓ Compiled in 42ms
 ✓ Compiled in 42ms
 ✓ Compiled in 34ms
 ✓ Compiled in 264ms
 ✓ Compiled in 51ms
 ✓ Compiled in 52ms
 ✓ Compiled in 33ms
 ✓ Compiled in 28ms
 ✓ Compiled in 61ms
 ✓ Compiled in 134ms
 ✓ Compiled in 35ms
 ✓ Compiled in 43ms
 ✓ Compiled in 28ms
 ✓ Compiled in 28ms
 ✓ Compiled in 52ms
 ✓ Compiled in 48ms
 ✓ Compiled in 61ms
 ✓ Compiled in 115ms
 ✓ Compiled in 67ms
 ✓ Compiled in 46ms
 ✓ Compiled in 42ms
 ✓ Compiled in 32ms
 ✓ Compiled / in 15ms
 ⨯ [Error: ENOENT: no such file or directory, open '/Users/FRAN/padel-ranking-app/.next/server/app/page/app-build-manifest.json'] {
  errno: -2,
  code: 'ENOENT',
  syscall: 'open',
  path: '/Users/FRAN/padel-ranking-app/.next/server/app/page/app-build-manifest.json'
}
 ○ Compiling /_error ...
 ✓ Compiled /_error in 759ms
 ⨯ [Error: ENOENT: no such file or directory, open '/Users/FRAN/padel-ranking-app/.next/static/development/_buildManifest.js.tmp.v4t7c38duu'] {
  errno: -2,
  code: 'ENOENT',
  syscall: 'open',
  path: '/Users/FRAN/padel-ranking-app/.next/static/development/_buildManifest.js.tmp.v4t7c38duu'
}
[Error: ENOENT: no such file or directory, open '/Users/FRAN/padel-ranking-app/.next/server/app/page/app-build-manifest.json'] {
  errno: -2,
  code: 'ENOENT',
  syscall: 'open',
  path: '/Users/FRAN/padel-ranking-app/.next/server/app/page/app-build-manifest.json'
}
 ⨯ [Error: ENOENT: no such file or directory, open '/Users/FRAN/padel-ranking-app/.next/static/development/_buildManifest.js.tmp.6our50cso05'] {
  errno: -2,
  code: 'ENOENT',
  syscall: 'open',
  path: '/Users/FRAN/padel-ranking-app/.next/static/development/_buildManifest.js.tmp.6our50cso05'
}
[Error: ENOENT: no such file or directory, open '/Users/FRAN/padel-ranking-app/.next/static/development/_buildManifest.js.tmp.qyyym97ta4'] {
  errno: -2,
  code: 'ENOENT',
  syscall: 'open',
  path: '/Users/FRAN/padel-ranking-app/.next/static/development/_buildManifest.js.tmp.qyyym97ta4'
}
 ⨯ [Error: ENOENT: no such file or directory, open '/Users/FRAN/padel-ranking-app/.next/server/app/page/app-build-manifest.json'] {
  errno: -2,
  code: 'ENOENT',
  syscall: 'open',
  path: '/Users/FRAN/padel-ranking-app/.next/server/app/page/app-build-manifest.json'
}
 ⨯ [Error: ENOENT: no such file or directory, open '/Users/FRAN/padel-ranking-app/.next/static/development/_buildManifest.js.tmp.igruhpfif1b'] {
  errno: -2,
  code: 'ENOENT',
  syscall: 'open',
  path: '/Users/FRAN/padel-ranking-app/.next/static/development/_buildManifest.js.tmp.igruhpfif1b'
}
[Error: ENOENT: no such file or directory, open '/Users/FRAN/padel-ranking-app/.next/server/app/page/app-build-manifest.json'] {
  errno: -2,
  code: 'ENOENT',
  syscall: 'open',
  path: '/Users/FRAN/padel-ranking-app/.next/server/app/page/app-build-manifest.json'
}
 ⨯ [Error: ENOENT: no such file or directory, open '/Users/FRAN/padel-ranking-app/.next/static/development/_buildManifest.js.tmp.ee9cyarp7b'] {
  errno: -2,
  code: 'ENOENT',
  syscall: 'open',
  path: '/Users/FRAN/padel-ranking-app/.next/static/development/_buildManifest.js.tmp.ee9cyarp7b'
}
[Error: ENOENT: no such file or directory, open '/Users/FRAN/padel-ranking-app/.next/static/development/_buildManifest.js.tmp.hwu9tkvr2w'] {
  errno: -2,
  code: 'ENOENT',
  syscall: 'open',
  path: '/Users/FRAN/padel-ranking-app/.next/static/development/_buildManifest.js.tmp.hwu9tkvr2w'
}
 ⨯ [Error: ENOENT: no such file or directory, open '/Users/FRAN/padel-ranking-app/.next/server/app/favicon.ico/[__metadata_id__]/route/app-paths-manifest.json'] {
  errno: -2,
  code: 'ENOENT',
  syscall: 'open',
  path: '/Users/FRAN/padel-ranking-app/.next/server/app/favicon.ico/[__metadata_id__]/route/app-paths-manifest.json'
}
 ⚠ Found a change in next.config.ts. Restarting the server to apply the changes...
   ▲ Next.js 15.4.5 (Turbopack)
   - Local:        http://localhost:3001
   - Network:      http://192.168.109.165:3001

 ✓ Starting...
 ✓ Ready in 979ms
 ⚠ Found a change in next.config.ts. Restarting the server to apply the changes...
   ▲ Next.js 15.4.5 (Turbopack)
   - Local:        http://localhost:3001
   - Network:      http://192.168.109.165:3001

 ✓ Starting...
 ✓ Ready in 901ms
 ⚠ Found a change in next.config.ts. Restarting the server to apply the changes...
   ▲ Next.js 15.4.5 (Turbopack)
   - Local:        http://localhost:3001
   - Network:      http://192.168.109.165:3001

 ✓ Starting...
 ✓ Ready in 940ms
[?25h
